/home/work_nfs19/kxxia/emilia_data/CN_xad_Mp3Data
/home/work_nfs19/kxxia/emilia_data/CN_xaa_Mp3Data
/home/work_nfs19/kxxia/emilia_data/CN_xab_Mp3Data
/home/work_nfs19/kxxia/emilia_data/CN_xae_Mp3Data
/home/work_nfs19/kxxia/emilia_data/CN_xaf_Mp3Data
/home/work_nfs19/kxxia/emilia_data/EN_xag_Mp3Data
/home/work_nfs19/kxxia/emilia_data/EN_xai_Mp3Data
/home/work_nfs19/kxxia/emilia_data/EN_xaa_Mp3Data
/home/work_nfs19/kxxia/emilia_data/EN_xaf_Mp3Data
/home/work_nfs19/kxxia/emilia_data/EN_xad_Mp3Data
/home/work_nfs19/kxxia/emilia_data/EN_xaj_Mp3Data
/home/work_nfs19/kxxia/emilia_data/EN_xac_Mp3Data
/home/work_nfs19/kxxia/emilia_data/EN_xab_Mp3Data
/home/work_nfs19/kxxia/emilia_data/EN_xae_Mp3Data
/home/work_nfs19/kxxia/emilia_data/CN_xai_Mp3Data
/home/work_nfs19/kxxia/emilia_data/CN_xah_Mp3Data
/home/work_nfs19/kxxia/emilia_data/EN_xah_Mp3Data
/home/work_nfs19/kxxia/emilia_data/CN_xaj_Mp3Data
/home/work_nfs19/kxxia/emilia_data/CN_xag_Mp3Data
/home/work_nfs19/kxxia/emilia_data/CN_xac_Mp3Data